2017-01-11T15:46:52.740; 5; dev; Begin Pipeline
2017-01-11T15:46:54.084; 5; dev; Hash e14a433ecd0501373d3b167a74d8ad7b5b07e3ef; Parents (70b40112f9615e1d8717fdad207c69fda169c05c); 2017-01-11T09:03:22-06:00; Rami Kethireddyj; rkethire@servicemaster.com; added AccountController   .../ActionClasses/DBActions.cs                     |  50 +++++++-  .../ActionClasses/DBActions.cs                     |  52 +++++++-  .../Controllers/AccountsController.cs              | 140 +++++++++++++++++++++  .../Interfaces/IDBActions.cs                       |   5 +-  .../Models/GeneralLedgerAccount.cs                 |  23 ++++  .../SVM.Shared.API.GeneralLedger.csproj            |   7 +-  SVM.Shared.API.GeneralLedger/Web.config            |   5 +  7 files changed, 277 insertions(+), 5 deletions(-)
2017-01-11T15:46:54.859; 5; dev; Begin Build
2017-01-11T15:47:11.064; 5; dev; End Build; Success
2017-01-11T15:47:12.742; 5; dev; Begin Code coverage
2017-01-11T15:47:27.947; 5; dev; End Code Coverage; Success
2017-01-11T15:47:28.696; 5; dev; Begin Code Analysis
2017-01-11T15:47:35.890; 5; dev; End Code Analysis; Success
2017-01-11T15:47:36.447; 5; dev; Begin Creating Install Package
2017-01-11T15:47:55.535; 5; dev; Created MSI package for Test
2017-01-11T15:48:08.017; 5; dev; Created MSI package for Dev
2017-01-11T15:48:20.710; 5; dev; Created MSI package for Prod
2017-01-11T15:48:21.224; 5; dev; End Creating Install Package; Success
2017-01-11T15:48:21.834; 5; dev; Begin Artifact Upload
2017-01-11T15:48:26.646; 5; dev; Package uploaded to TEST folder
2017-01-11T15:48:31.672; 5; dev; Package uploaded to DEV folder
2017-01-11T15:48:36.358; 5; dev; Package uploaded to PROD folder
2017-01-11T15:48:36.921; 5; dev; End Artifact Upload; Success
2017-01-11T15:48:37.455; 5; dev; Begin Deployment to DEV
2017-01-11T15:51:01.745; 5; dev; End Deployment to DEV; Success
2017-01-11T15:51:02.358; 5; dev; Begin Deployment to TEST
